C51 COMPILER V9.60.7.0   LAB8_2                                                            03/12/2023 11:30:27 PAGE 1   


C51 COMPILER V9.60.7.0, COMPILATION OF MODULE LAB8_2
OBJECT MODULE PLACED IN .\Objects\lab8_2.obj
COMPILER INVOKED BY: C:\Keil_v5\C51\BIN\C51.EXE lab8_2.c OPTIMIZE(8,SPEED) BROWSE DEBUG OBJECTEXTEND PRINT(.\Listings\la
                    -b8_2.lst) TABS(2) OBJECT(.\Objects\lab8_2.obj)

line level    source

   1          #include <at89c5131.h>
   2          
   3          /*
   4          
   5          Two frequency simultaneously with timers in interrupts mode.
   6          
   7          First LED1 time period is 2ms.
   8          Second LED2 time period is 3ms.
   9          
  10          */
  11          
  12          
  13          sbit LED1=P3^6;
  14          sbit LED2=P3^7;
  15          
  16          
  17          void timer0_isr () interrupt 1
  18          { //this interrupt if for timer 0
  19   1         LED1 = ~LED1;
  20   1         //Reload values for TH0 and TL0. Start timer 0.
  21   1         //since time period is 2ms
  22   1         //it should toggle every 1ms
  23   1         //for 1ms count = 2000
  24   1         //-2000 = f830
  25   1          TH0 =  0xF8;  //Values for Timer 0 TH0
  26   1        TL0 =  0x30; //Values for Timer 0 TL0
  27   1      }
  28          
  29          void timer1_isr () interrupt 3
  30          { //THIS IS INTERRUPT FOR TIMER 1
  31   1         LED2 = ~LED2;
  32   1         //Reload values for TH1 and TL1. Start timer 1.
  33   1         //TOGGLE EVERY 1.5 ms
  34   1         //3000 COUNT 
  35   1         //-3000 F448
  36   1          TH1 =  0xF4;   //Values for Timer 1 TH1
  37   1        TL1 =  0x48; //Values for Timer 1 TL1
  38   1      }
  39          
  40          //Main function
  41          void main(void)
  42          {
  43   1        TMOD = 0x11; //mode 1 timer 0 and timer 1
  44   1        
  45   1        TH0 =  0xF8;  //Values for Timer 0 TH0
  46   1        TL0 =  0x30; //Values for Timer 0 TL0
  47   1        TH1 =  0xF4;   //Values for Timer 1 TH1
  48   1        TL1 =  0x48; //Values for Timer 1 TL1
  49   1        
  50   1        EA = 1;  //activate global interrupts
  51   1        ET0 = 1; //activate interrupts for both timers
  52   1        ET1 = 1;
  53   1        TR0 = 1; //start timer 0
  54   1        TR1 = 1; //start timer 1
C51 COMPILER V9.60.7.0   LAB8_2                                                            03/12/2023 11:30:27 PAGE 2   

  55   1        LED1 = 0;
  56   1        LED2 = 0;
  57   1        while(1);
  58   1      }
  59          
  60          /* 
  61              Timer delay calculation in mode 1
  62            (65536-n)*T; T is time after which count increases by 1
  63            T=12/f ; 
  64            8051 timers use 1/12 of XTAL frequency(f) , regardless of machine cycle time 
  65          */
  66          /* For pt-51 f = 24 MHz
  67             to create square wave of time period 2 ms 
  68             square wave is high for 1ms and low for 1ms
  69             T=0.5 micro second
  70             65536-n * 0.5e-6=e-3 
  71             n = 0x F830 
  72             so TH0 = F8
  73            and TL0 = 30
  74          */


MODULE INFORMATION:   STATIC OVERLAYABLE
   CODE SIZE        =     49    ----
   CONSTANT SIZE    =   ----    ----
   XDATA SIZE       =   ----    ----
   PDATA SIZE       =   ----    ----
   DATA SIZE        =   ----    ----
   IDATA SIZE       =   ----    ----
   BIT SIZE         =   ----    ----
END OF MODULE INFORMATION.


C51 COMPILATION COMPLETE.  0 WARNING(S),  0 ERROR(S)
