C51 COMPILER V9.60.7.0   MAIN                                                              03/20/2023 14:36:05 PAGE 1   


C51 COMPILER V9.60.7.0, COMPILATION OF MODULE MAIN
OBJECT MODULE PLACED IN .\Objects\main.obj
COMPILER INVOKED BY: C:\Keil_v5\C51\BIN\C51.EXE main.c OPTIMIZE(8,SPEED) BROWSE DEBUG OBJECTEXTEND PRINT(.\Listings\main
                    -.lst) TABS(2) OBJECT(.\Objects\main.obj)

line level    source

   1          /**********************************************************
   2          EE337: ADC IC MCP3008 interfacing with pt-51
   3          (1) Complete spi_init() function from spi.h 
   4          
   5          ***********************************************************/
   6          
   7          #include <at89c5131.h>
   8          #include "lcd.h"                                        //Driver for interfacing lcd 
   9          #include "mcp3008.h"                                    //Driver for interfacing ADC ic MCP3008
  10          
  11          
  12          char adc_ip_data_ascii[6]={0,0,0,0,0,'\0'};             //string array for saving ascii of input sample
  13          code unsigned char display_msg1[]="Volt.: ";            //Display msg on 1st line of lcd
  14          code unsigned char display_msg2[]=" mV";                //Display msg on 2nd line of lcd
  15          
  16          
  17          
  18          void main(void)
  19          {
  20   1        int j=0;
  21   1        unsigned int adc_data=0;
  22   1        
  23   1        spi_init();                                         
  24   1        adc_init();
  25   1          lcd_init();
  26   1        
  27   1        
  28   1        
  29   1        while(1)
  30   1        {
  31   2          unsigned int x;
  32   2          
  33   2           
  34   2          x = adc(4);                         //Read analog value from 0th channel of ADC Ic MCP3008
  35   2          adc_data = (unsigned int) (x*3.2258);     //Converting received 10 bits value to milli volt (3.3*1000*i/p 
             -/1023)
  36   2          /*  Display "Volt: " on first line of lcd
  37   2              Print analog sampled input on lcd using int_to_string function and 
  38   2              Display "XXXXX mV" on second line of LCD
  39   2          */  
  40   2               int_to_string(adc_data,adc_ip_data_ascii);
  41   2           lcd_cmd(0xc0);
  42   2               lcd_write_string(adc_ip_data_ascii);
  43   2           lcd_write_string(display_msg2);
  44   2      
  45   2        }
  46   1      }
  47          
  48            /*  adc_ip_data_ascii[4]= adc_data % 10 +'0';
  49                  adc_data =(unsigned int) adc_data/10;
  50              adc_ip_data_ascii[3]= adc_data % 10 +'0';
  51                  adc_data =(unsigned int) adc_data/10;
  52              adc_ip_data_ascii[2]= adc_data % 10 +'0';
  53                  adc_data =(unsigned int) adc_data/10;
C51 COMPILER V9.60.7.0   MAIN                                                              03/20/2023 14:36:05 PAGE 2   

  54          
  55              adc_ip_data_ascii[1]= adc_data % 10 +'0';
  56                  adc_data =(unsigned int) adc_data/10;
  57          
  58              adc_ip_data_ascii[0]= adc_data % 10 +'0';
  59                  adc_data =(unsigned int) adc_data/10; */


MODULE INFORMATION:   STATIC OVERLAYABLE
   CODE SIZE        =    649    ----
   CONSTANT SIZE    =     12    ----
   XDATA SIZE       =   ----    ----
   PDATA SIZE       =   ----    ----
   DATA SIZE        =      7      30
   IDATA SIZE       =   ----    ----
   BIT SIZE         =      1    ----
END OF MODULE INFORMATION.


C51 COMPILATION COMPLETE.  0 WARNING(S),  0 ERROR(S)
